<?xml version="1.0" encoding="UTF-8"?>
<testng-results ignored="0" total="2" passed="2" failed="0" skipped="0">
  <reporter-output>
  </reporter-output>
  <suite started-at="2023-11-11T12:10:36 GMT" name="Default suite" finished-at="2023-11-11T12:11:05 GMT" duration-ms="28739">
    <groups>
    </groups>
    <test started-at="2023-11-11T12:10:36 GMT" name="Default test" finished-at="2023-11-11T12:11:05 GMT" duration-ms="28739">
      <class name="com.test.MultiTest">
        <test-method is-config="true" signature="Initalization()[pri:0, instance:com.test.MultiTest@534a5a98]" started-at="2023-11-11T12:10:36 GMT" name="Initalization" finished-at="2023-11-11T12:10:59 GMT" duration-ms="22928" status="PASS">
          <reporter-output>
          </reporter-output>
        </test-method> <!-- Initalization -->
        <test-method signature="SelectDropDown()[pri:1, instance:com.test.MultiTest@534a5a98]" started-at="2023-11-11T12:10:59 GMT" name="SelectDropDown" finished-at="2023-11-11T12:11:00 GMT" duration-ms="1023" status="PASS">
          <reporter-output>
          </reporter-output>
        </test-method> <!-- SelectDropDown -->
        <test-method signature="MouseHovering()[pri:2, instance:com.test.MultiTest@534a5a98]" started-at="2023-11-11T12:11:00 GMT" name="MouseHovering" finished-at="2023-11-11T12:11:04 GMT" duration-ms="3551" status="PASS">
          <reporter-output>
          </reporter-output>
        </test-method> <!-- MouseHovering -->
        <test-method is-config="true" signature="CleanUp()[pri:0, instance:com.test.MultiTest@534a5a98]" started-at="2023-11-11T12:11:04 GMT" name="CleanUp" finished-at="2023-11-11T12:11:05 GMT" duration-ms="1065" status="PASS">
          <reporter-output>
          </reporter-output>
        </test-method> <!-- CleanUp -->
      </class> <!-- com.test.MultiTest -->
    </test> <!-- Default test -->
  </suite> <!-- Default suite -->
</testng-results>
